  Fruit Ninja.cpp
e:\vsproject\fruit ninja\fruit ninja\fruit ninja.cpp(232): warning C4244: “参数”: 从“double”转换到“int”，可能丢失数据
e:\vsproject\fruit ninja\fruit ninja\fruit ninja.cpp(240): warning C4244: “参数”: 从“double”转换到“int”，可能丢失数据
e:\vsproject\fruit ninja\fruit ninja\fruit ninja.cpp(244): warning C4244: “参数”: 从“double”转换到“int”，可能丢失数据
e:\vsproject\fruit ninja\fruit ninja\fruit ninja.cpp(248): warning C4244: “参数”: 从“double”转换到“int”，可能丢失数据
e:\vsproject\fruit ninja\fruit ninja\fruit ninja.cpp(256): warning C4244: “参数”: 从“double”转换到“float”，可能丢失数据
e:\vsproject\fruit ninja\fruit ninja\fruit ninja.cpp(257): warning C4244: “参数”: 从“double”转换到“float”，可能丢失数据
e:\vsproject\fruit ninja\fruit ninja\fruit ninja.cpp(258): warning C4244: “参数”: 从“double”转换到“float”，可能丢失数据
e:\vsproject\fruit ninja\fruit ninja\fruit ninja.cpp(259): warning C4244: “参数”: 从“double”转换到“float”，可能丢失数据
e:\vsproject\fruit ninja\fruit ninja\fruit ninja.cpp(260): warning C4244: “参数”: 从“double”转换到“float”，可能丢失数据
e:\vsproject\fruit ninja\fruit ninja\fruit ninja.cpp(261): warning C4244: “参数”: 从“double”转换到“float”，可能丢失数据
e:\vsproject\fruit ninja\fruit ninja\fruit ninja.cpp(267): warning C4244: “-=”: 从“double”转换到“int”，可能丢失数据
e:\vsproject\fruit ninja\fruit ninja\fruit ninja.cpp(268): warning C4244: “+=”: 从“double”转换到“int”，可能丢失数据
e:\vsproject\fruit ninja\fruit ninja\fruit ninja.cpp(269): warning C4244: “+=”: 从“double”转换到“int”，可能丢失数据
e:\vsproject\fruit ninja\fruit ninja\fruit ninja.cpp(271): warning C4244: “参数”: 从“double”转换到“float”，可能丢失数据
e:\vsproject\fruit ninja\fruit ninja\fruit ninja.cpp(272): warning C4244: “参数”: 从“double”转换到“float”，可能丢失数据
e:\vsproject\fruit ninja\fruit ninja\fruit ninja.cpp(293): warning C4244: “-=”: 从“double”转换到“int”，可能丢失数据
e:\vsproject\fruit ninja\fruit ninja\fruit ninja.cpp(294): warning C4244: “+=”: 从“double”转换到“int”，可能丢失数据
e:\vsproject\fruit ninja\fruit ninja\fruit ninja.cpp(295): warning C4244: “+=”: 从“double”转换到“int”，可能丢失数据
e:\vsproject\fruit ninja\fruit ninja\fruit ninja.cpp(297): warning C4244: “参数”: 从“double”转换到“float”，可能丢失数据
e:\vsproject\fruit ninja\fruit ninja\fruit ninja.cpp(298): warning C4244: “参数”: 从“double”转换到“float”，可能丢失数据
e:\vsproject\fruit ninja\fruit ninja\fruit ninja.cpp(414): warning C4244: “参数”: 从“double”转换到“int”，可能丢失数据
e:\vsproject\fruit ninja\fruit ninja\fruit ninja.cpp(415): warning C4244: “参数”: 从“double”转换到“int”，可能丢失数据
e:\vsproject\fruit ninja\fruit ninja\fruit ninja.cpp(416): warning C4244: “参数”: 从“double”转换到“float”，可能丢失数据
e:\vsproject\fruit ninja\fruit ninja\fruit ninja.cpp(417): warning C4244: “参数”: 从“double”转换到“float”，可能丢失数据
e:\vsproject\fruit ninja\fruit ninja\fruit ninja.cpp(468): warning C4244: “参数”: 从“double”转换到“int”，可能丢失数据
e:\vsproject\fruit ninja\fruit ninja\fruit ninja.cpp(472): warning C4244: “参数”: 从“double”转换到“int”，可能丢失数据
e:\vsproject\fruit ninja\fruit ninja\fruit ninja.cpp(476): warning C4244: “参数”: 从“double”转换到“int”，可能丢失数据
e:\vsproject\fruit ninja\fruit ninja\fruit ninja.cpp(480): warning C4244: “参数”: 从“double”转换到“int”，可能丢失数据
e:\vsproject\fruit ninja\fruit ninja\fruit ninja.cpp(492): warning C4244: “参数”: 从“double”转换到“float”，可能丢失数据
e:\vsproject\fruit ninja\fruit ninja\fruit ninja.cpp(493): warning C4244: “参数”: 从“double”转换到“float”，可能丢失数据
e:\vsproject\fruit ninja\fruit ninja\fruit ninja.cpp(494): warning C4244: “参数”: 从“double”转换到“float”，可能丢失数据
e:\vsproject\fruit ninja\fruit ninja\fruit ninja.cpp(495): warning C4244: “参数”: 从“double”转换到“float”，可能丢失数据
e:\vsproject\fruit ninja\fruit ninja\fruit ninja.cpp(503): warning C4244: “初始化”: 从“double”转换到“int”，可能丢失数据
e:\vsproject\fruit ninja\fruit ninja\fruit ninja.cpp(516): warning C4244: “参数”: 从“double”转换到“int”，可能丢失数据
e:\vsproject\fruit ninja\fruit ninja\fruit ninja.cpp(524): warning C4244: “参数”: 从“double”转换到“int”，可能丢失数据
e:\vsproject\fruit ninja\fruit ninja\fruit ninja.cpp(532): warning C4244: “参数”: 从“double”转换到“int”，可能丢失数据
e:\vsproject\fruit ninja\fruit ninja\fruit ninja.cpp(540): warning C4244: “参数”: 从“double”转换到“int”，可能丢失数据
e:\vsproject\fruit ninja\fruit ninja\fruit ninja.cpp(548): warning C4244: “参数”: 从“double”转换到“int”，可能丢失数据
e:\vsproject\fruit ninja\fruit ninja\fruit ninja.cpp(556): warning C4244: “参数”: 从“double”转换到“int”，可能丢失数据
e:\vsproject\fruit ninja\fruit ninja\fruit ninja.cpp(564): warning C4244: “参数”: 从“double”转换到“int”，可能丢失数据
e:\vsproject\fruit ninja\fruit ninja\fruit ninja.cpp(626): warning C4244: “参数”: 从“double”转换到“int”，可能丢失数据
e:\vsproject\fruit ninja\fruit ninja\fruit ninja.cpp(631): warning C4244: “参数”: 从“double”转换到“int”，可能丢失数据
e:\vsproject\fruit ninja\fruit ninja\fruit ninja.cpp(636): warning C4244: “参数”: 从“double”转换到“int”，可能丢失数据
e:\vsproject\fruit ninja\fruit ninja\fruit ninja.cpp(640): warning C4244: “参数”: 从“double”转换到“int”，可能丢失数据
e:\vsproject\fruit ninja\fruit ninja\fruit ninja.cpp(644): warning C4244: “参数”: 从“double”转换到“int”，可能丢失数据
e:\vsproject\fruit ninja\fruit ninja\fruit ninja.cpp(648): warning C4244: “参数”: 从“double”转换到“int”，可能丢失数据
e:\vsproject\fruit ninja\fruit ninja\fruit ninja.cpp(654): warning C4244: “参数”: 从“double”转换到“int”，可能丢失数据
e:\vsproject\fruit ninja\fruit ninja\fruit ninja.cpp(656): warning C4244: “参数”: 从“double”转换到“int”，可能丢失数据
e:\vsproject\fruit ninja\fruit ninja\fruit ninja.cpp(658): warning C4244: “参数”: 从“double”转换到“int”，可能丢失数据
e:\vsproject\fruit ninja\fruit ninja\fruit ninja.cpp(660): warning C4244: “参数”: 从“double”转换到“int”，可能丢失数据
e:\vsproject\fruit ninja\fruit ninja\fruit ninja.cpp(662): warning C4244: “参数”: 从“double”转换到“int”，可能丢失数据
e:\vsproject\fruit ninja\fruit ninja\fruit ninja.cpp(668): warning C4244: “参数”: 从“double”转换到“int”，可能丢失数据
e:\vsproject\fruit ninja\fruit ninja\fruit ninja.cpp(669): warning C4244: “参数”: 从“double”转换到“int”，可能丢失数据
e:\vsproject\fruit ninja\fruit ninja\fruit ninja.cpp(751): warning C4244: “参数”: 从“double”转换到“float”，可能丢失数据
e:\vsproject\fruit ninja\fruit ninja\fruit ninja.cpp(753): warning C4244: “参数”: 从“double”转换到“float”，可能丢失数据
e:\vsproject\fruit ninja\fruit ninja\fruit ninja.cpp(755): warning C4244: “参数”: 从“double”转换到“float”，可能丢失数据
e:\vsproject\fruit ninja\fruit ninja\fruit ninja.cpp(757): warning C4244: “参数”: 从“double”转换到“float”，可能丢失数据
e:\vsproject\fruit ninja\fruit ninja\fruit ninja.cpp(759): warning C4244: “参数”: 从“double”转换到“float”，可能丢失数据
e:\vsproject\fruit ninja\fruit ninja\fruit ninja.cpp(874): warning C4244: “参数”: 从“double”转换到“float”，可能丢失数据
e:\vsproject\fruit ninja\fruit ninja\fruit ninja.cpp(875): warning C4244: “参数”: 从“double”转换到“float”，可能丢失数据
e:\vsproject\fruit ninja\fruit ninja\fruit ninja.cpp(878): warning C4244: “参数”: 从“double”转换到“float”，可能丢失数据
e:\vsproject\fruit ninja\fruit ninja\fruit ninja.cpp(879): warning C4244: “参数”: 从“double”转换到“float”，可能丢失数据
e:\vsproject\fruit ninja\fruit ninja\fruit ninja.cpp(882): warning C4244: “参数”: 从“double”转换到“float”，可能丢失数据
e:\vsproject\fruit ninja\fruit ninja\fruit ninja.cpp(883): warning C4244: “参数”: 从“double”转换到“float”，可能丢失数据
e:\vsproject\fruit ninja\fruit ninja\fruit ninja.cpp(886): warning C4244: “参数”: 从“double”转换到“float”，可能丢失数据
e:\vsproject\fruit ninja\fruit ninja\fruit ninja.cpp(887): warning C4244: “参数”: 从“double”转换到“float”，可能丢失数据
e:\vsproject\fruit ninja\fruit ninja\fruit ninja.cpp(890): warning C4244: “参数”: 从“double”转换到“float”，可能丢失数据
e:\vsproject\fruit ninja\fruit ninja\fruit ninja.cpp(891): warning C4244: “参数”: 从“double”转换到“float”，可能丢失数据
e:\vsproject\fruit ninja\fruit ninja\fruit ninja.cpp(910): warning C4244: “参数”: 从“double”转换到“float”，可能丢失数据
e:\vsproject\fruit ninja\fruit ninja\fruit ninja.cpp(981): warning C4244: “=”: 从“time_t”转换到“int”，可能丢失数据
e:\vsproject\fruit ninja\fruit ninja\fruit ninja.cpp(989): warning C4244: “参数”: 从“double”转换到“int”，可能丢失数据
e:\vsproject\fruit ninja\fruit ninja\fruit ninja.cpp(997): warning C4244: “参数”: 从“double”转换到“int”，可能丢失数据
e:\vsproject\fruit ninja\fruit ninja\fruit ninja.cpp(1001): warning C4244: “参数”: 从“double”转换到“int”，可能丢失数据
e:\vsproject\fruit ninja\fruit ninja\fruit ninja.cpp(1005): warning C4244: “参数”: 从“double”转换到“int”，可能丢失数据
e:\vsproject\fruit ninja\fruit ninja\fruit ninja.cpp(1009): warning C4244: “参数”: 从“double”转换到“int”，可能丢失数据
e:\vsproject\fruit ninja\fruit ninja\fruit ninja.cpp(1015): warning C4244: “参数”: 从“double”转换到“int”，可能丢失数据
e:\vsproject\fruit ninja\fruit ninja\fruit ninja.cpp(1017): warning C4244: “参数”: 从“double”转换到“int”，可能丢失数据
e:\vsproject\fruit ninja\fruit ninja\fruit ninja.cpp(1019): warning C4244: “参数”: 从“double”转换到“int”，可能丢失数据
e:\vsproject\fruit ninja\fruit ninja\fruit ninja.cpp(1021): warning C4244: “参数”: 从“double”转换到“int”，可能丢失数据
e:\vsproject\fruit ninja\fruit ninja\fruit ninja.cpp(1023): warning C4244: “参数”: 从“double”转换到“int”，可能丢失数据
e:\vsproject\fruit ninja\fruit ninja\fruit ninja.cpp(1029): warning C4244: “参数”: 从“double”转换到“int”，可能丢失数据
e:\vsproject\fruit ninja\fruit ninja\fruit ninja.cpp(1030): warning C4244: “参数”: 从“double”转换到“int”，可能丢失数据
e:\vsproject\fruit ninja\fruit ninja\fruit ninja.cpp(1100): warning C4244: “参数”: 从“double”转换到“float”，可能丢失数据
e:\vsproject\fruit ninja\fruit ninja\fruit ninja.cpp(1102): warning C4244: “参数”: 从“double”转换到“float”，可能丢失数据
e:\vsproject\fruit ninja\fruit ninja\fruit ninja.cpp(1104): warning C4244: “参数”: 从“double”转换到“float”，可能丢失数据
e:\vsproject\fruit ninja\fruit ninja\fruit ninja.cpp(1106): warning C4244: “参数”: 从“double”转换到“float”，可能丢失数据
e:\vsproject\fruit ninja\fruit ninja\fruit ninja.cpp(1108): warning C4244: “参数”: 从“double”转换到“float”，可能丢失数据
e:\vsproject\fruit ninja\fruit ninja\fruit ninja.cpp(1126): warning C4244: “参数”: 从“double”转换到“float”，可能丢失数据
e:\vsproject\fruit ninja\fruit ninja\fruit ninja.cpp(1127): warning C4244: “参数”: 从“double”转换到“float”，可能丢失数据
e:\vsproject\fruit ninja\fruit ninja\fruit ninja.cpp(1130): warning C4244: “参数”: 从“double”转换到“float”，可能丢失数据
e:\vsproject\fruit ninja\fruit ninja\fruit ninja.cpp(1131): warning C4244: “参数”: 从“double”转换到“float”，可能丢失数据
e:\vsproject\fruit ninja\fruit ninja\fruit ninja.cpp(1134): warning C4244: “参数”: 从“double”转换到“float”，可能丢失数据
e:\vsproject\fruit ninja\fruit ninja\fruit ninja.cpp(1135): warning C4244: “参数”: 从“double”转换到“float”，可能丢失数据
e:\vsproject\fruit ninja\fruit ninja\fruit ninja.cpp(1138): warning C4244: “参数”: 从“double”转换到“float”，可能丢失数据
e:\vsproject\fruit ninja\fruit ninja\fruit ninja.cpp(1139): warning C4244: “参数”: 从“double”转换到“float”，可能丢失数据
e:\vsproject\fruit ninja\fruit ninja\fruit ninja.cpp(1142): warning C4244: “参数”: 从“double”转换到“float”，可能丢失数据
e:\vsproject\fruit ninja\fruit ninja\fruit ninja.cpp(1143): warning C4244: “参数”: 从“double”转换到“float”，可能丢失数据
  Fruit Ninja.vcxproj -> E:\vsproject\Fruit Ninja\Debug\Fruit Ninja.exe
